0 info it worked if it ends with ok
1 verbose cli [ 'C:\\Program Files (x86)\\nodejs\\node.exe',
1 verbose cli   'C:\\Users\\Nikolina\\AppData\\Roaming\\npm\\node_modules\\npm\\bin\\npm-cli.js',
1 verbose cli   'run',
1 verbose cli   'sass' ]
2 info using npm@3.9.0
3 info using node@v8.11.3
4 verbose run-script [ 'presass', 'sass', 'postsass' ]
5 info lifecycle nlshopova-portfolio-website@1.0.0~presass: nlshopova-portfolio-website@1.0.0
6 silly lifecycle nlshopova-portfolio-website@1.0.0~presass: no script for presass, continuing
7 info lifecycle nlshopova-portfolio-website@1.0.0~sass: nlshopova-portfolio-website@1.0.0
8 verbose lifecycle nlshopova-portfolio-website@1.0.0~sass: unsafe-perm in lifecycle true
9 verbose lifecycle nlshopova-portfolio-website@1.0.0~sass: PATH: C:\Users\Nikolina\AppData\Roaming\npm\node_modules\npm\bin\node-gyp-bin;D:\website\nlshopova.github.io\node_modules\.bin;C:\Program Files (x86)\nodejs;C:\Program Files\Git\mingw64\bin;C:\Program Files\Git\usr\bin;C:\Users\Nikolina\bin;C:\WINDOWS\system32;C:\WINDOWS;C:\WINDOWS\System32\Wbem;C:\WINDOWS\System32\WindowsPowerShell\v1.0;C:\Program Files\Git\usr\bin;C:\Program Files\dotnet;C:\Program Files (x86)\QuickTime\QTSystem;C:\WINDOWS\System32\OpenSSH;C:\Program Files (x86)\nodejs;C:\Program Files\Microsoft VS Code\bin;C:\RailsInstaller\Git\cmd;C:\RailsInstaller\Ruby2.3.0\bin;C:\Program Files (x86)\nodejs;C:\Users\Nikolina\AppData\Local\Microsoft\WindowsApps;C:\Program Files\Docker Toolbox;C:\Program Files\Microsoft VS Code\bin;C:\Users\Nikolina\AppData\Local\Microsoft\WindowsApps;C:\Users\Nikolina\AppData\Roaming\npm
10 verbose lifecycle nlshopova-portfolio-website@1.0.0~sass: CWD: D:\website\nlshopova.github.io
11 silly lifecycle nlshopova-portfolio-website@1.0.0~sass: Args: [ '/d /s /c', 'node-sass -w scss/ -o dist/css/ --recursive' ]
12 silly lifecycle nlshopova-portfolio-website@1.0.0~sass: Returned: code: 1  signal: null
13 info lifecycle nlshopova-portfolio-website@1.0.0~sass: Failed to exec sass script
14 verbose stack Error: nlshopova-portfolio-website@1.0.0 sass: `node-sass -w scss/ -o dist/css/ --recursive`
14 verbose stack Exit status 1
14 verbose stack     at EventEmitter.<anonymous> (C:\Users\Nikolina\AppData\Roaming\npm\node_modules\npm\lib\utils\lifecycle.js:245:16)
14 verbose stack     at emitTwo (events.js:126:13)
14 verbose stack     at EventEmitter.emit (events.js:214:7)
14 verbose stack     at ChildProcess.<anonymous> (C:\Users\Nikolina\AppData\Roaming\npm\node_modules\npm\lib\utils\spawn.js:24:14)
14 verbose stack     at emitTwo (events.js:126:13)
14 verbose stack     at ChildProcess.emit (events.js:214:7)
14 verbose stack     at maybeClose (internal/child_process.js:925:16)
14 verbose stack     at Process.ChildProcess._handle.onexit (internal/child_process.js:209:5)
15 verbose pkgid nlshopova-portfolio-website@1.0.0
16 verbose cwd D:\website\nlshopova.github.io
17 error Windows_NT 10.0.17763
18 error argv "C:\\Program Files (x86)\\nodejs\\node.exe" "C:\\Users\\Nikolina\\AppData\\Roaming\\npm\\node_modules\\npm\\bin\\npm-cli.js" "run" "sass"
19 error node v8.11.3
20 error npm  v3.9.0
21 error code ELIFECYCLE
22 error nlshopova-portfolio-website@1.0.0 sass: `node-sass -w scss/ -o dist/css/ --recursive`
22 error Exit status 1
23 error Failed at the nlshopova-portfolio-website@1.0.0 sass script 'node-sass -w scss/ -o dist/css/ --recursive'.
23 error Make sure you have the latest version of node.js and npm installed.
23 error If you do, this is most likely a problem with the nlshopova-portfolio-website package,
23 error not with npm itself.
23 error Tell the author that this fails on your system:
23 error     node-sass -w scss/ -o dist/css/ --recursive
23 error You can get information on how to open an issue for this project with:
23 error     npm bugs nlshopova-portfolio-website
23 error Or if that isn't available, you can get their info via:
23 error     npm owner ls nlshopova-portfolio-website
23 error There is likely additional logging output above.
24 verbose exit [ 1, true ]
